#
# There is insufficient memory for the Java Runtime Environment to continue.
# Native memory allocation (mmap) failed to map 125829120 bytes for G1 virtual space
# Possible reasons:
#   The system is out of physical RAM or swap space
#   The process is running with CompressedOops enabled, and the Java Heap may be blocking the growth of the native heap
# Possible solutions:
#   Reduce memory load on the system
#   Increase physical memory or swap space
#   Check if swap backing store is full
#   Decrease Java heap size (-Xmx/-Xms)
#   Decrease number of Java threads
#   Decrease Java thread stack sizes (-Xss)
#   Set larger code cache with -XX:ReservedCodeCacheSize=
#   JVM is running with Unscaled Compressed Oops mode in which the Java heap is
#     placed in the first 4GB address space. The Java Heap base address is the
#     maximum limit for the native heap growth. Please use -XX:HeapBaseMinAddress
#     to set the Java Heap base and to place the Java Heap above 4GB virtual address.
# This output file may be truncated or incomplete.
#
#  Out of Memory Error (os_windows.cpp:3769), pid=13856, tid=11632
#
# JRE version:  (17.0.6) (build )
# Java VM: OpenJDK 64-Bit Server VM (17.0.6+0-b2043.56-10027231, mixed mode, sharing, tiered, compressed oops, compressed class ptrs, g1 gc, windows-amd64)
# No core dump will be written. Minidumps are not enabled by default on client versions of Windows
#

---------------  S U M M A R Y ------------

Command Line: org.jetbrains.kotlin.cli.jvm.K2JVMCompiler @C:\coding\skillmeerror\skillsvsme\app\build\20240219_2967681146810406320.compiler.options

Host: Intel(R) Core(TM) i7-4600U CPU @ 2.10GHz, 4 cores, 7G,  Windows 10 , 64 bit Build 19041 (10.0.19041.3636)
Time: Mon Feb 19 22:42:23 2024 Central Standard Time elapsed time: 0.019748 seconds (0d 0h 0m 0s)

---------------  T H R E A D  ---------------

Current thread (0x00000197a9963f90):  JavaThread "Unknown thread" [_thread_in_vm, id=11632, stack(0x000000861c400000,0x000000861c500000)]

Stack: [0x000000861c400000,0x000000861c500000]
Native frames: (J=compiled Java code, j=interpreted, Vv=VM code, C=native code)
V  [jvm.dll+0x683c9a]
V  [jvm.dll+0x8427a4]
V  [jvm.dll+0x843f9e]
V  [jvm.dll+0x844603]
V  [jvm.dll+0x249b75]
V  [jvm.dll+0x680b69]
V  [jvm.dll+0x67505a]
V  [jvm.dll+0x309acb]
V  [jvm.dll+0x310f86]
V  [jvm.dll+0x3608ee]
V  [jvm.dll+0x360b1f]
V  [jvm.dll+0x2dfbf8]
V  [jvm.dll+0x2e0b64]
V  [jvm.dll+0x814091]
V  [jvm.dll+0x36e6a1]
V  [jvm.dll+0x7f35cc]
V  [jvm.dll+0x3f0e8f]
V  [jvm.dll+0x3f29d1]
C  [jli.dll+0x526b]
C  [ucrtbase.dll+0x21bb2]
C  [KERNEL32.DLL+0x17344]
C  [ntdll.dll+0x526b1]


---------------  P R O C E S S  ---------------

Threads class SMR info:
_java_thread_list=0x00007ff83528c058, length=0, elements={
}

Java Threads: ( => current thread )

Other Threads:
  0x00000197a99bb600 GCTaskThread "GC Thread#0" [stack: 0x000000861c500000,0x000000861c600000] [id=4404]
  0x00000197a99cb340 ConcurrentGCThread "G1 Main Marker" [stack: 0x000000861c600000,0x000000861c700000] [id=12116]
  0x00000197a99cbd50 ConcurrentGCThread "G1 Conc#0" [stack: 0x000000861c700000,0x000000861c800000] [id=14240]

[error occurred during error reporting (printing all threads), id 0xc0000005, EXCEPTION_ACCESS_VIOLATION (0xc0000005) at pc=0x00007ff834a40797]

VM state: not at safepoint (not fully initialized)

VM Mutex/Monitor currently owned by a thread:  ([mutex/lock_event])
[0x00000197a9960e30] Heap_lock - owner thread: 0x00000197a9963f90

Heap address: 0x0000000089000000, size: 1904 MB, Compressed Oops mode: 32-bit

CDS archive(s) mapped at: [0x0000000000000000-0x0000000000000000-0x0000000000000000), size 0, SharedBaseAddress: 0x0000000800000000, ArchiveRelocationMode: 0.
Narrow klass base: 0x0000000000000000, Narrow klass shift: 0, Narrow klass range: 0x0

GC Precious Log:
<Empty>

Heap:
 garbage-first heap   total 0K, used 0K [0x0000000089000000, 0x0000000100000000)
  region size 1024K, 0 young (0K), 0 survivors (0K)

[error occurred during error reporting (printing heap information), id 0xc0000005, EXCEPTION_ACCESS_VIOLATION (0xc0000005) at pc=0x00007ff834e2da89]

GC Heap History (0 events):
No events

Dll operation events (1 events):
Event: 0.013 Loaded shared library C:\Program Files\Android\Android Studio\jbr\bin\java.dll

Deoptimization events (0 events):
No events

Classes unloaded (0 events):
No events

Classes redefined (0 events):
No events

Internal exceptions (0 events):
No events

VM Operations (0 events):
No events

Events (0 events):
No events


Dynamic libraries:
0x00007ff745c30000 - 0x00007ff745c3a000 	C:\Program Files\Android\Android Studio\jbr\bin\java.exe
0x00007ff8807f0000 - 0x00007ff8809e8000 	C:\Windows\SYSTEM32\ntdll.dll
0x00007ff87ee60000 - 0x00007ff87ef1d000 	C:\Windows\System32\KERNEL32.DLL
0x00007ff87deb0000 - 0x00007ff87e1a6000 	C:\Windows\System32\KERNELBASE.dll
0x00007ff87e3d0000 - 0x00007ff87e4d0000 	C:\Windows\System32\ucrtbase.dll
0x00007ff849370000 - 0x00007ff849387000 	C:\Program Files\Android\Android Studio\jbr\bin\jli.dll
0x00007ff852560000 - 0x00007ff85257b000 	C:\Program Files\Android\Android Studio\jbr\bin\VCRUNTIME140.dll
0x00007ff87fea0000 - 0x00007ff88003e000 	C:\Windows\System32\USER32.dll
0x00007ff87e740000 - 0x00007ff87e762000 	C:\Windows\System32\win32u.dll
0x00007ff8800a0000 - 0x00007ff8800cb000 	C:\Windows\System32\GDI32.dll
0x00007ff86d810000 - 0x00007ff86daaa000 	C:\Windows\WinSxS\amd64_microsoft.windows.common-controls_6595b64144ccf1df_6.0.19041.3636_none_60b6a03d71f818d5\COMCTL32.dll
0x00007ff87e620000 - 0x00007ff87e737000 	C:\Windows\System32\gdi32full.dll
0x00007ff87f020000 - 0x00007ff87f0be000 	C:\Windows\System32\msvcrt.dll
0x00007ff87e580000 - 0x00007ff87e61d000 	C:\Windows\System32\msvcp_win.dll
0x00007ff87f380000 - 0x00007ff87f3b2000 	C:\Windows\System32\IMM32.DLL
0x00007ff858550000 - 0x00007ff85855c000 	C:\Program Files\Android\Android Studio\jbr\bin\vcruntime140_1.dll
0x00007ff8503e0000 - 0x00007ff85046d000 	C:\Program Files\Android\Android Studio\jbr\bin\msvcp140.dll
0x00007ff834750000 - 0x00007ff8353be000 	C:\Program Files\Android\Android Studio\jbr\bin\server\jvm.dll
0x00007ff8806f0000 - 0x00007ff8807a3000 	C:\Windows\System32\ADVAPI32.dll
0x00007ff87fe00000 - 0x00007ff87fe9f000 	C:\Windows\System32\sechost.dll
0x00007ff87f4f0000 - 0x00007ff87f616000 	C:\Windows\System32\RPCRT4.dll
0x00007ff87e770000 - 0x00007ff87e797000 	C:\Windows\System32\bcrypt.dll
0x00007ff864750000 - 0x00007ff864759000 	C:\Windows\SYSTEM32\WSOCK32.dll
0x00007ff86f730000 - 0x00007ff86f73a000 	C:\Windows\SYSTEM32\VERSION.dll
0x00007ff87f260000 - 0x00007ff87f2cb000 	C:\Windows\System32\WS2_32.dll
0x00007ff869600000 - 0x00007ff869627000 	C:\Windows\SYSTEM32\WINMM.dll
0x00007ff87bd60000 - 0x00007ff87bd72000 	C:\Windows\SYSTEM32\kernel.appcore.dll
0x00007ff858cb0000 - 0x00007ff858cba000 	C:\Program Files\Android\Android Studio\jbr\bin\jimage.dll
0x00007ff87b300000 - 0x00007ff87b4e4000 	C:\Windows\SYSTEM32\DBGHELP.DLL
0x00007ff869460000 - 0x00007ff869494000 	C:\Windows\SYSTEM32\dbgcore.DLL
0x00007ff87e7a0000 - 0x00007ff87e822000 	C:\Windows\System32\bcryptPrimitives.dll
0x00007ff8496b0000 - 0x00007ff8496d5000 	C:\Program Files\Android\Android Studio\jbr\bin\java.dll

dbghelp: loaded successfully - version: 4.0.5 - missing functions: none
symbol engine: initialized successfully - sym options: 0x614 - pdb path: .;C:\Program Files\Android\Android Studio\jbr\bin;C:\Windows\SYSTEM32;C:\Windows\WinSxS\amd64_microsoft.windows.common-controls_6595b64144ccf1df_6.0.19041.3636_none_60b6a03d71f818d5;C:\Program Files\Android\Android Studio\jbr\bin\server

VM Arguments:
java_command: org.jetbrains.kotlin.cli.jvm.K2JVMCompiler @C:\coding\skillmeerror\skillsvsme\app\build\20240219_2967681146810406320.compiler.options
java_class_path (initial): C:\Users\user\.gradle\caches\modules-2\files-2.1\org.jetbrains.kotlin\kotlin-compiler-embeddable\1.8.10\b0757fd774344d54ce93f5ad6c30ba1c1731c8ff\kotlin-compiler-embeddable-1.8.10.jar;C:\Users\user\.gradle\caches\modules-2\files-2.1\org.jetbrains.kotlin\kotlin-stdlib\1.8.10\6d5560a229477df9406943d5feda5618e98eb64c\kotlin-stdlib-1.8.10.jar;C:\Users\user\.gradle\caches\modules-2\files-2.1\org.jetbrains.kotlin\kotlin-script-runtime\1.8.10\b13ea9c7e46d589139e56086a878763290e20bd5\kotlin-script-runtime-1.8.10.jar;C:\Users\user\.gradle\caches\modules-2\files-2.1\org.jetbrains.kotlin\kotlin-reflect\1.6.10\1cbe9c92c12a94eea200d23c2bbaedaf3daf5132\kotlin-reflect-1.6.10.jar;C:\Users\user\.gradle\caches\modules-2\files-2.1\org.jetbrains.kotlin\kotlin-daemon-embeddable\1.8.10\ad8541d9bc1cf9e52c3204161247910c2cf601d4\kotlin-daemon-embeddable-1.8.10.jar;C:\Users\user\.gradle\caches\modules-2\files-2.1\org.jetbrains.intellij.deps\trove4j\1.0.20200330\3afb14d5f9ceb459d724e907a21145e8ff394f02\trove4j-1.0.20200330.jar;C:\Users\user\.gradle\caches\modules-2\files-2.1\net.java.dev.jna\jna\5.6.0\330f2244e9030119ab3030fc3fededc86713d9cc\jna-5.6.0.jar;C:\Users\user\.gradle\caches\modules-2\files-2.1\org.jetbrains.kotlin\kotlin-stdlib-common\1.8.10\a61b182458550492c12aee66157d7b524a63a5ec\kotlin-stdlib-common-1.8.10.jar;C:\Users\user\.gradle\caches\modules-2\files-2.1\org.jetbrains\annotations\13.0\919f0dfe192fb4e063e7dacadee7f8bb9a2672a9\annotations-13.0.jar
Launcher Type: SUN_STANDARD

[Global flags]
     intx CICompilerCount                          = 3                                         {product} {ergonomic}
     uint ConcGCThreads                            = 1                                         {product} {ergonomic}
     uint G1ConcRefinementThreads                  = 4                                         {product} {ergonomic}
   size_t G1HeapRegionSize                         = 1048576                                   {product} {ergonomic}
    uintx GCDrainStackTargetSize                   = 64                                        {product} {ergonomic}
   size_t InitialHeapSize                          = 125829120                                 {product} {ergonomic}
   size_t MarkStackSize                            = 4194304                                   {product} {ergonomic}
   size_t MaxHeapSize                              = 1996488704                                {product} {ergonomic}
   size_t MinHeapDeltaBytes                        = 1048576                                   {product} {ergonomic}
   size_t MinHeapSize                              = 8388608                                   {product} {ergonomic}
    uintx NonNMethodCodeHeapSize                   = 5832780                                {pd product} {ergonomic}
    uintx NonProfiledCodeHeapSize                  = 122912730                              {pd product} {ergonomic}
    uintx ProfiledCodeHeapSize                     = 122912730                              {pd product} {ergonomic}
    uintx ReservedCodeCacheSize                    = 251658240                              {pd product} {ergonomic}
     bool SegmentedCodeCache                       = true                                      {product} {ergonomic}
   size_t SoftMaxHeapSize                          = 1996488704                             {manageable} {ergonomic}
     bool UseCompressedClassPointers               = true                           {product lp64_product} {ergonomic}
     bool UseCompressedOops                        = true                           {product lp64_product} {ergonomic}
     bool UseG1GC                                  = true                                      {product} {ergonomic}
     bool UseLargePagesIndividualAllocation        = false                                  {pd product} {ergonomic}

Logging:
Log output configuration:
 #0: stdout all=warning uptime,level,tags
 #1: stderr all=off uptime,level,tags

Environment Variables:
PATH=C:\Program Files\Common Files\Oracle\Java\javapath;C:\Windows\system32;C:\Windows;C:\Windows\System32\Wbem;C:\Windows\System32\WindowsPowerShell\v1.0\;C:\Windows\System32\OpenSSH\;C:\Program Files\Git\cmd;C:\Program Files\Microsoft SQL Server\150\Tools\Binn\;C:\Program Files\dotnet\;C:\Users\user\AppData\Local\Pub\Cache\bin;C:\Program Files\Microsoft SQL Server\Client SDK\ODBC\170\Tools\Binn\;C:\Program Files\OpenMS-2.3.0\bin;C:\Program Files\OpenMS-2.3.0\share\OpenMS\THIRDPARTY\Comet;C:\Program Files\OpenMS-2.3.0\share\OpenMS\THIRDPARTY\Fido;C:\Program Files\OpenMS-2.3.0\share\OpenMS\THIRDPARTY\LuciPHOr2;C:\Program Files\OpenMS-2.3.0\share\OpenMS\THIRDPARTY\MSGFPlus;C:\Program Files\OpenMS-2.3.0\share\OpenMS\THIRDPARTY\MyriMatch;C:\Program Files\OpenMS-2.3.0\share\OpenMS\THIRDPARTY\OMSSA;C:\Program Files\OpenMS-2.3.0\share\OpenMS\THIRDPARTY\Percolator;C:\Program Files\OpenMS-2.3.0\share\OpenMS\THIRDPARTY\pwiz-bin;C:\Program Files\OpenMS-2.3.0\share\OpenMS\THIRDPARTY\Sirius;C:\Program Files\OpenMS-2.3.0\share\OpenMS\THIRDPARTY\SpectraST;C:\Program Files\OpenMS-2.3.0\share\OpenMS\THIRDPARTY\XTandem;C:\Program Files\nodejs\;C:\Program Files\Go\bin;C:\TDM-GCC-64\bin;C:\Program Files\MySQL\MySQL Shell 8.0\bin\;C:\Users\user\AppData\Local\Programs\Python\Python311\Scripts\;C:\Users\user\AppData\Local\Programs\Python\Python311\;C:\Users\user\AppData\Local\Microsoft\WindowsApps;C:\Users\user\AppData\Local\Programs\Microsoft VS Code\bin;C:\coding\tools\flutter\bin;C:\Program Files\JetBrains\PyCharm Community Edition 2023.1.2\bin;;C:\Users\user\.dotnet\tools;C:\Users\user\AppData\Local\GitHubDesktop\bin;C:\Users\user\AppData\Roaming\npm;C:\Users\user\go\bin
USERNAME=user
OS=Windows_NT
PROCESSOR_IDENTIFIER=Intel64 Family 6 Model 69 Stepping 1, GenuineIntel
TMP=C:\Users\user\AppData\Local\Temp
TEMP=C:\Users\user\AppData\Local\Temp


JNI global refs:

[error occurred during error reporting (JNI global references), id 0xc0000005, EXCEPTION_ACCESS_VIOLATION (0xc0000005) at pc=0x00007ff834807a10]


---------------  S Y S T E M  ---------------

OS:
 Windows 10 , 64 bit Build 19041 (10.0.19041.3636)
OS uptime: 0 days 11:18 hours

CPU: total 4 (initial active 4) (2 cores per cpu, 2 threads per core) family 6 model 69 stepping 1 microcode 0x26, cx8, cmov, fxsr, ht, mmx, sse, sse2, sse3, ssse3, sse4.1, sse4.2, popcnt, lzcnt, tsc, tscinvbit, avx, avx2, aes, erms, clmul, bmi1, bmi2, fma, vzeroupper, clflush

Memory: 4k page, system-wide physical 7609M (92M free)
TotalPageFile size 31161M (AvailPageFile size 21M)
current process WorkingSet (physical memory assigned to process): 10M, peak: 10M
current process commit charge ("private bytes"): 51M, peak: 171M

vm_info: OpenJDK 64-Bit Server VM (17.0.6+0-b2043.56-10027231) for windows-amd64 JRE (17.0.6+0-b2043.56-10027231), built on Apr 28 2023 00:43:19 by "androidbuild" with MS VC++ 16.10 / 16.11 (VS2019)

END.
